<?xml version="1.0" encoding="UTF-8"?>
<testsuite xmlns:xsi="http://www.w3.org/2001/XMLSchema-instance" xsi:noNamespaceSchemaLocation="https://maven.apache.org/surefire/maven-surefire-plugin/xsd/surefire-test-report-3.0.xsd" version="3.0" name="TestSuite" time="11.82" tests="5" errors="0" skipped="0" failures="4">
  <properties>
[...]
</properties>
  <testcase name="verify_loginDDT[shubhamshuklawindows@gmail.com, 12033@Shukla, Valid](1)" classname="testCases.TC003_LoginDDT" time="2.126">
    <system-out><![CDATA[2025-03-27T08:30:49.714987100Z main INFO Starting configuration XmlConfiguration[location=C:\Users\stpl\eclipse-workspace\Opencart121\target\test-classes\log4j2.xml, lastModified=2025-03-27T04:23:07.657Z]...
2025-03-27T08:30:49.714987100Z main INFO Start watching for changes to C:\Users\stpl\eclipse-workspace\Opencart121\target\test-classes\log4j2.xml every 0 seconds
2025-03-27T08:30:49.714987100Z main INFO Configuration XmlConfiguration[location=C:\Users\stpl\eclipse-workspace\Opencart121\target\test-classes\log4j2.xml, lastModified=2025-03-27T04:23:07.657Z] started.
2025-03-27T08:30:49.725505200Z main INFO Stopping configuration org.apache.logging.log4j.core.config.DefaultConfiguration@32f232a5...
2025-03-27T08:30:49.725505200Z main INFO Configuration org.apache.logging.log4j.core.config.DefaultConfiguration@32f232a5 stopped.
2025-03-27 14:00:53 DEBUG PackageRelationshipCollection:309 - Parsing relationship: /xl/_rels/workbook.xml.rels
2025-03-27 14:00:53 DEBUG PackageRelationshipCollection:309 - Parsing relationship: /xl/worksheets/_rels/sheet1.xml.rels
2025-03-27 14:00:53 DEBUG PackageRelationshipCollection:309 - Parsing relationship: /_rels/.rels
2025-03-27 14:00:53 DEBUG POIXMLFactory:65 - using default POIXMLDocumentPart for http://schemas.openxmlformats.org/officeDocument/2006/relationships/printerSettings
2025-03-27 14:00:53 DEBUG PackageRelationshipCollection:309 - Parsing relationship: /xl/_rels/workbook.xml.rels
2025-03-27 14:00:53 DEBUG PackageRelationshipCollection:309 - Parsing relationship: /xl/worksheets/_rels/sheet1.xml.rels
2025-03-27 14:00:53 DEBUG PackageRelationshipCollection:309 - Parsing relationship: /_rels/.rels
2025-03-27 14:00:53 DEBUG POIXMLFactory:65 - using default POIXMLDocumentPart for http://schemas.openxmlformats.org/officeDocument/2006/relationships/printerSettings
2025-03-27 14:00:53 DEBUG PackageRelationshipCollection:309 - Parsing relationship: /xl/_rels/workbook.xml.rels
2025-03-27 14:00:53 DEBUG PackageRelationshipCollection:309 - Parsing relationship: /xl/worksheets/_rels/sheet1.xml.rels
2025-03-27 14:00:53 DEBUG PackageRelationshipCollection:309 - Parsing relationship: /_rels/.rels
2025-03-27 14:00:53 DEBUG POIXMLFactory:65 - using default POIXMLDocumentPart for http://schemas.openxmlformats.org/officeDocument/2006/relationships/printerSettings
2025-03-27 14:00:53 DEBUG PackageRelationshipCollection:309 - Parsing relationship: /xl/_rels/workbook.xml.rels
2025-03-27 14:00:53 DEBUG PackageRelationshipCollection:309 - Parsing relationship: /xl/worksheets/_rels/sheet1.xml.rels
2025-03-27 14:00:53 DEBUG PackageRelationshipCollection:309 - Parsing relationship: /_rels/.rels
2025-03-27 14:00:53 DEBUG POIXMLFactory:65 - using default POIXMLDocumentPart for http://schemas.openxmlformats.org/officeDocument/2006/relationships/printerSettings
2025-03-27 14:00:53 DEBUG PackageRelationshipCollection:309 - Parsing relationship: /xl/_rels/workbook.xml.rels
2025-03-27 14:00:53 DEBUG PackageRelationshipCollection:309 - Parsing relationship: /xl/worksheets/_rels/sheet1.xml.rels
2025-03-27 14:00:53 DEBUG PackageRelationshipCollection:309 - Parsing relationship: /_rels/.rels
2025-03-27 14:00:53 DEBUG POIXMLFactory:65 - using default POIXMLDocumentPart for http://schemas.openxmlformats.org/officeDocument/2006/relationships/printerSettings
2025-03-27 14:00:53 DEBUG PackageRelationshipCollection:309 - Parsing relationship: /xl/_rels/workbook.xml.rels
2025-03-27 14:00:53 DEBUG PackageRelationshipCollection:309 - Parsing relationship: /xl/worksheets/_rels/sheet1.xml.rels
2025-03-27 14:00:53 DEBUG PackageRelationshipCollection:309 - Parsing relationship: /_rels/.rels
2025-03-27 14:00:53 DEBUG POIXMLFactory:65 - using default POIXMLDocumentPart for http://schemas.openxmlformats.org/officeDocument/2006/relationships/printerSettings
2025-03-27 14:00:53 DEBUG PackageRelationshipCollection:309 - Parsing relationship: /xl/_rels/workbook.xml.rels
2025-03-27 14:00:53 DEBUG PackageRelationshipCollection:309 - Parsing relationship: /xl/worksheets/_rels/sheet1.xml.rels
2025-03-27 14:00:53 DEBUG PackageRelationshipCollection:309 - Parsing relationship: /_rels/.rels
2025-03-27 14:00:53 DEBUG POIXMLFactory:65 - using default POIXMLDocumentPart for http://schemas.openxmlformats.org/officeDocument/2006/relationships/printerSettings
2025-03-27 14:00:53 DEBUG PackageRelationshipCollection:309 - Parsing relationship: /xl/_rels/workbook.xml.rels
2025-03-27 14:00:53 DEBUG PackageRelationshipCollection:309 - Parsing relationship: /xl/worksheets/_rels/sheet1.xml.rels
2025-03-27 14:00:54 DEBUG PackageRelationshipCollection:309 - Parsing relationship: /_rels/.rels
2025-03-27 14:00:54 DEBUG POIXMLFactory:65 - using default POIXMLDocumentPart for http://schemas.openxmlformats.org/officeDocument/2006/relationships/printerSettings
2025-03-27 14:00:54 DEBUG PackageRelationshipCollection:309 - Parsing relationship: /xl/_rels/workbook.xml.rels
2025-03-27 14:00:54 DEBUG PackageRelationshipCollection:309 - Parsing relationship: /xl/worksheets/_rels/sheet1.xml.rels
2025-03-27 14:00:54 DEBUG PackageRelationshipCollection:309 - Parsing relationship: /_rels/.rels
2025-03-27 14:00:54 DEBUG POIXMLFactory:65 - using default POIXMLDocumentPart for http://schemas.openxmlformats.org/officeDocument/2006/relationships/printerSettings
2025-03-27 14:00:54 DEBUG PackageRelationshipCollection:309 - Parsing relationship: /xl/_rels/workbook.xml.rels
2025-03-27 14:00:54 DEBUG PackageRelationshipCollection:309 - Parsing relationship: /xl/worksheets/_rels/sheet1.xml.rels
2025-03-27 14:00:54 DEBUG PackageRelationshipCollection:309 - Parsing relationship: /_rels/.rels
2025-03-27 14:00:54 DEBUG POIXMLFactory:65 - using default POIXMLDocumentPart for http://schemas.openxmlformats.org/officeDocument/2006/relationships/printerSettings
2025-03-27 14:00:54 DEBUG PackageRelationshipCollection:309 - Parsing relationship: /xl/_rels/workbook.xml.rels
2025-03-27 14:00:54 DEBUG PackageRelationshipCollection:309 - Parsing relationship: /xl/worksheets/_rels/sheet1.xml.rels
2025-03-27 14:00:54 DEBUG PackageRelationshipCollection:309 - Parsing relationship: /_rels/.rels
2025-03-27 14:00:54 DEBUG POIXMLFactory:65 - using default POIXMLDocumentPart for http://schemas.openxmlformats.org/officeDocument/2006/relationships/printerSettings
2025-03-27 14:00:54 DEBUG PackageRelationshipCollection:309 - Parsing relationship: /xl/_rels/workbook.xml.rels
2025-03-27 14:00:54 DEBUG PackageRelationshipCollection:309 - Parsing relationship: /xl/worksheets/_rels/sheet1.xml.rels
2025-03-27 14:00:54 DEBUG PackageRelationshipCollection:309 - Parsing relationship: /_rels/.rels
2025-03-27 14:00:54 DEBUG POIXMLFactory:65 - using default POIXMLDocumentPart for http://schemas.openxmlformats.org/officeDocument/2006/relationships/printerSettings
2025-03-27 14:00:54 DEBUG PackageRelationshipCollection:309 - Parsing relationship: /xl/_rels/workbook.xml.rels
2025-03-27 14:00:54 DEBUG PackageRelationshipCollection:309 - Parsing relationship: /xl/worksheets/_rels/sheet1.xml.rels
2025-03-27 14:00:54 DEBUG PackageRelationshipCollection:309 - Parsing relationship: /_rels/.rels
2025-03-27 14:00:54 DEBUG POIXMLFactory:65 - using default POIXMLDocumentPart for http://schemas.openxmlformats.org/officeDocument/2006/relationships/printerSettings
2025-03-27 14:00:54 DEBUG PackageRelationshipCollection:309 - Parsing relationship: /xl/_rels/workbook.xml.rels
2025-03-27 14:00:54 DEBUG PackageRelationshipCollection:309 - Parsing relationship: /xl/worksheets/_rels/sheet1.xml.rels
2025-03-27 14:00:54 DEBUG PackageRelationshipCollection:309 - Parsing relationship: /_rels/.rels
2025-03-27 14:00:54 DEBUG POIXMLFactory:65 - using default POIXMLDocumentPart for http://schemas.openxmlformats.org/officeDocument/2006/relationships/printerSettings
2025-03-27 14:00:54 DEBUG PackageRelationshipCollection:309 - Parsing relationship: /xl/_rels/workbook.xml.rels
2025-03-27 14:00:54 DEBUG PackageRelationshipCollection:309 - Parsing relationship: /xl/worksheets/_rels/sheet1.xml.rels
2025-03-27 14:00:54 DEBUG PackageRelationshipCollection:309 - Parsing relationship: /_rels/.rels
2025-03-27 14:00:54 DEBUG POIXMLFactory:65 - using default POIXMLDocumentPart for http://schemas.openxmlformats.org/officeDocument/2006/relationships/printerSettings
2025-03-27 14:00:54 DEBUG PackageRelationshipCollection:309 - Parsing relationship: /xl/_rels/workbook.xml.rels
2025-03-27 14:00:54 DEBUG PackageRelationshipCollection:309 - Parsing relationship: /xl/worksheets/_rels/sheet1.xml.rels
2025-03-27 14:00:54 DEBUG PackageRelationshipCollection:309 - Parsing relationship: /_rels/.rels
2025-03-27 14:00:54 DEBUG POIXMLFactory:65 - using default POIXMLDocumentPart for http://schemas.openxmlformats.org/officeDocument/2006/relationships/printerSettings
2025-03-27 14:00:54 DEBUG PackageRelationshipCollection:309 - Parsing relationship: /xl/_rels/workbook.xml.rels
2025-03-27 14:00:54 DEBUG PackageRelationshipCollection:309 - Parsing relationship: /xl/worksheets/_rels/sheet1.xml.rels
2025-03-27 14:00:54 DEBUG PackageRelationshipCollection:309 - Parsing relationship: /_rels/.rels
2025-03-27 14:00:54 DEBUG POIXMLFactory:65 - using default POIXMLDocumentPart for http://schemas.openxmlformats.org/officeDocument/2006/relationships/printerSettings
2025-03-27 14:00:54 INFO  TC003_LoginDDT:23 - ***start testcase***
2025-03-27 14:00:56 INFO  TC003_LoginDDT:66 - ******test fail***********
]]></system-out>
    <system-err><![CDATA[SLF4J: Failed to load class "org.slf4j.impl.StaticLoggerBinder".
SLF4J: Defaulting to no-operation (NOP) logger implementation
SLF4J: See http://www.slf4j.org/codes.html#StaticLoggerBinder for further details.
Mar 27, 2025 2:00:51 PM org.openqa.selenium.devtools.CdpVersionFinder findNearestMatch
WARNING: Unable to find CDP implementation matching 134
Mar 27, 2025 2:00:51 PM org.openqa.selenium.chromium.ChromiumDriver lambda$new$5
WARNING: Unable to find version of CDP to use for 134.0.6998.89. You may need to include a dependency on a specific version of the CDP using something similar to `org.seleniumhq.selenium:selenium-devtools-v86:4.20.0` where the version ("v86") matches the version of the chromium-based browser you're using and the version number of the artifact is the same as Selenium's.
]]></system-err>
  </testcase>
  <testcase name="verify_loginDDT[lakshmi@yahoo.com, Laxmi, Invalid](2)" classname="testCases.TC003_LoginDDT" time="1.593">
    <failure message="expected [true] but found [false]" type="java.lang.AssertionError"><![CDATA[java.lang.AssertionError: expected [true] but found [false]
	at org.testng.Assert.fail(Assert.java:110)
	at org.testng.Assert.failNotEquals(Assert.java:1413)
	at org.testng.Assert.assertTrue(Assert.java:56)
	at org.testng.Assert.assertTrue(Assert.java:66)
	at testCases.TC003_LoginDDT.verify_loginDDT(TC003_LoginDDT.java:58)
	at java.base/jdk.internal.reflect.NativeMethodAccessorImpl.invoke0(Native Method)
	at java.base/jdk.internal.reflect.NativeMethodAccessorImpl.invoke(NativeMethodAccessorImpl.java:77)
	at java.base/jdk.internal.reflect.DelegatingMethodAccessorImpl.invoke(DelegatingMethodAccessorImpl.java:43)
	at java.base/java.lang.reflect.Method.invoke(Method.java:568)
	at org.testng.internal.invokers.MethodInvocationHelper.invokeMethod(MethodInvocationHelper.java:139)
	at org.testng.internal.invokers.TestInvoker.invokeMethod(TestInvoker.java:677)
	at org.testng.internal.invokers.TestInvoker.invokeTestMethod(TestInvoker.java:221)
	at org.testng.internal.invokers.MethodRunner.runInSequence(MethodRunner.java:50)
	at org.testng.internal.invokers.TestInvoker$MethodInvocationAgent.invoke(TestInvoker.java:969)
	at org.testng.internal.invokers.TestInvoker.invokeTestMethods(TestInvoker.java:194)
	at org.testng.internal.invokers.TestMethodWorker.invokeTestMethods(TestMethodWorker.java:148)
	at org.testng.internal.invokers.TestMethodWorker.run(TestMethodWorker.java:128)
	at java.base/java.util.ArrayList.forEach(ArrayList.java:1511)
	at org.testng.TestRunner.privateRun(TestRunner.java:829)
	at org.testng.TestRunner.run(TestRunner.java:602)
	at org.testng.SuiteRunner.runTest(SuiteRunner.java:437)
	at org.testng.SuiteRunner.runSequentially(SuiteRunner.java:431)
	at org.testng.SuiteRunner.privateRun(SuiteRunner.java:391)
	at org.testng.SuiteRunner.run(SuiteRunner.java:330)
	at org.testng.SuiteRunnerWorker.runSuite(SuiteRunnerWorker.java:52)
	at org.testng.SuiteRunnerWorker.run(SuiteRunnerWorker.java:95)
	at org.testng.TestNG.runSuitesSequentially(TestNG.java:1256)
	at org.testng.TestNG.runSuitesLocally(TestNG.java:1176)
	at org.testng.TestNG.runSuites(TestNG.java:1099)
	at org.testng.TestNG.run(TestNG.java:1067)
	at org.apache.maven.surefire.testng.TestNGExecutor.run(TestNGExecutor.java:308)
	at org.apache.maven.surefire.testng.TestNGXmlTestSuite.execute(TestNGXmlTestSuite.java:71)
	at org.apache.maven.surefire.testng.TestNGProvider.invoke(TestNGProvider.java:113)
	at org.apache.maven.surefire.booter.ForkedBooter.runSuitesInProcess(ForkedBooter.java:385)
	at org.apache.maven.surefire.booter.ForkedBooter.execute(ForkedBooter.java:162)
	at org.apache.maven.surefire.booter.ForkedBooter.run(ForkedBooter.java:507)
	at org.apache.maven.surefire.booter.ForkedBooter.main(ForkedBooter.java:495)
]]></failure>
    <system-out><![CDATA[2025-03-27 14:00:56 INFO  TC003_LoginDDT:23 - ***start testcase***
]]></system-out>
  </testcase>
  <testcase name="verify_loginDDT[laksh@yahoo.com, Lakshmi, Invalid](3)" classname="testCases.TC003_LoginDDT" time="0.219">
    <failure message="null" type="java.lang.AssertionError"><![CDATA[java.lang.AssertionError: null
	at org.testng.Assert.fail(Assert.java:110)
	at org.testng.Assert.fail(Assert.java:115)
	at testCases.TC003_LoginDDT.verify_loginDDT(TC003_LoginDDT.java:64)
	at java.base/jdk.internal.reflect.NativeMethodAccessorImpl.invoke0(Native Method)
	at java.base/jdk.internal.reflect.NativeMethodAccessorImpl.invoke(NativeMethodAccessorImpl.java:77)
	at java.base/jdk.internal.reflect.DelegatingMethodAccessorImpl.invoke(DelegatingMethodAccessorImpl.java:43)
	at java.base/java.lang.reflect.Method.invoke(Method.java:568)
	at org.testng.internal.invokers.MethodInvocationHelper.invokeMethod(MethodInvocationHelper.java:139)
	at org.testng.internal.invokers.TestInvoker.invokeMethod(TestInvoker.java:677)
	at org.testng.internal.invokers.TestInvoker.invokeTestMethod(TestInvoker.java:221)
	at org.testng.internal.invokers.MethodRunner.runInSequence(MethodRunner.java:50)
	at org.testng.internal.invokers.TestInvoker$MethodInvocationAgent.invoke(TestInvoker.java:969)
	at org.testng.internal.invokers.TestInvoker.invokeTestMethods(TestInvoker.java:194)
	at org.testng.internal.invokers.TestMethodWorker.invokeTestMethods(TestMethodWorker.java:148)
	at org.testng.internal.invokers.TestMethodWorker.run(TestMethodWorker.java:128)
	at java.base/java.util.ArrayList.forEach(ArrayList.java:1511)
	at org.testng.TestRunner.privateRun(TestRunner.java:829)
	at org.testng.TestRunner.run(TestRunner.java:602)
	at org.testng.SuiteRunner.runTest(SuiteRunner.java:437)
	at org.testng.SuiteRunner.runSequentially(SuiteRunner.java:431)
	at org.testng.SuiteRunner.privateRun(SuiteRunner.java:391)
	at org.testng.SuiteRunner.run(SuiteRunner.java:330)
	at org.testng.SuiteRunnerWorker.runSuite(SuiteRunnerWorker.java:52)
	at org.testng.SuiteRunnerWorker.run(SuiteRunnerWorker.java:95)
	at org.testng.TestNG.runSuitesSequentially(TestNG.java:1256)
	at org.testng.TestNG.runSuitesLocally(TestNG.java:1176)
	at org.testng.TestNG.runSuites(TestNG.java:1099)
	at org.testng.TestNG.run(TestNG.java:1067)
	at org.apache.maven.surefire.testng.TestNGExecutor.run(TestNGExecutor.java:308)
	at org.apache.maven.surefire.testng.TestNGXmlTestSuite.execute(TestNGXmlTestSuite.java:71)
	at org.apache.maven.surefire.testng.TestNGProvider.invoke(TestNGProvider.java:113)
	at org.apache.maven.surefire.booter.ForkedBooter.runSuitesInProcess(ForkedBooter.java:385)
	at org.apache.maven.surefire.booter.ForkedBooter.execute(ForkedBooter.java:162)
	at org.apache.maven.surefire.booter.ForkedBooter.run(ForkedBooter.java:507)
	at org.apache.maven.surefire.booter.ForkedBooter.main(ForkedBooter.java:495)
]]></failure>
    <system-out><![CDATA[2025-03-27 14:00:58 INFO  TC003_LoginDDT:23 - ***start testcase***
]]></system-out>
  </testcase>
  <testcase name="verify_loginDDT[laks@yahoo.com, xyz, Invalid](4)" classname="testCases.TC003_LoginDDT" time="0.217">
    <failure message="null" type="java.lang.AssertionError"><![CDATA[java.lang.AssertionError: null
	at org.testng.Assert.fail(Assert.java:110)
	at org.testng.Assert.fail(Assert.java:115)
	at testCases.TC003_LoginDDT.verify_loginDDT(TC003_LoginDDT.java:64)
	at java.base/jdk.internal.reflect.NativeMethodAccessorImpl.invoke0(Native Method)
	at java.base/jdk.internal.reflect.NativeMethodAccessorImpl.invoke(NativeMethodAccessorImpl.java:77)
	at java.base/jdk.internal.reflect.DelegatingMethodAccessorImpl.invoke(DelegatingMethodAccessorImpl.java:43)
	at java.base/java.lang.reflect.Method.invoke(Method.java:568)
	at org.testng.internal.invokers.MethodInvocationHelper.invokeMethod(MethodInvocationHelper.java:139)
	at org.testng.internal.invokers.TestInvoker.invokeMethod(TestInvoker.java:677)
	at org.testng.internal.invokers.TestInvoker.invokeTestMethod(TestInvoker.java:221)
	at org.testng.internal.invokers.MethodRunner.runInSequence(MethodRunner.java:50)
	at org.testng.internal.invokers.TestInvoker$MethodInvocationAgent.invoke(TestInvoker.java:969)
	at org.testng.internal.invokers.TestInvoker.invokeTestMethods(TestInvoker.java:194)
	at org.testng.internal.invokers.TestMethodWorker.invokeTestMethods(TestMethodWorker.java:148)
	at org.testng.internal.invokers.TestMethodWorker.run(TestMethodWorker.java:128)
	at java.base/java.util.ArrayList.forEach(ArrayList.java:1511)
	at org.testng.TestRunner.privateRun(TestRunner.java:829)
	at org.testng.TestRunner.run(TestRunner.java:602)
	at org.testng.SuiteRunner.runTest(SuiteRunner.java:437)
	at org.testng.SuiteRunner.runSequentially(SuiteRunner.java:431)
	at org.testng.SuiteRunner.privateRun(SuiteRunner.java:391)
	at org.testng.SuiteRunner.run(SuiteRunner.java:330)
	at org.testng.SuiteRunnerWorker.runSuite(SuiteRunnerWorker.java:52)
	at org.testng.SuiteRunnerWorker.run(SuiteRunnerWorker.java:95)
	at org.testng.TestNG.runSuitesSequentially(TestNG.java:1256)
	at org.testng.TestNG.runSuitesLocally(TestNG.java:1176)
	at org.testng.TestNG.runSuites(TestNG.java:1099)
	at org.testng.TestNG.run(TestNG.java:1067)
	at org.apache.maven.surefire.testng.TestNGExecutor.run(TestNGExecutor.java:308)
	at org.apache.maven.surefire.testng.TestNGXmlTestSuite.execute(TestNGXmlTestSuite.java:71)
	at org.apache.maven.surefire.testng.TestNGProvider.invoke(TestNGProvider.java:113)
	at org.apache.maven.surefire.booter.ForkedBooter.runSuitesInProcess(ForkedBooter.java:385)
	at org.apache.maven.surefire.booter.ForkedBooter.execute(ForkedBooter.java:162)
	at org.apache.maven.surefire.booter.ForkedBooter.run(ForkedBooter.java:507)
	at org.apache.maven.surefire.booter.ForkedBooter.main(ForkedBooter.java:495)
]]></failure>
    <system-out><![CDATA[2025-03-27 14:00:58 INFO  TC003_LoginDDT:23 - ***start testcase***
]]></system-out>
  </testcase>
  <testcase name="verify_loginDDT[abc123@gmail.com, test@123, Valid](5)" classname="testCases.TC003_LoginDDT" time="0.221">
    <failure message="null" type="java.lang.AssertionError"><![CDATA[java.lang.AssertionError: null
	at org.testng.Assert.fail(Assert.java:110)
	at org.testng.Assert.fail(Assert.java:115)
	at testCases.TC003_LoginDDT.verify_loginDDT(TC003_LoginDDT.java:64)
	at java.base/jdk.internal.reflect.NativeMethodAccessorImpl.invoke0(Native Method)
	at java.base/jdk.internal.reflect.NativeMethodAccessorImpl.invoke(NativeMethodAccessorImpl.java:77)
	at java.base/jdk.internal.reflect.DelegatingMethodAccessorImpl.invoke(DelegatingMethodAccessorImpl.java:43)
	at java.base/java.lang.reflect.Method.invoke(Method.java:568)
	at org.testng.internal.invokers.MethodInvocationHelper.invokeMethod(MethodInvocationHelper.java:139)
	at org.testng.internal.invokers.TestInvoker.invokeMethod(TestInvoker.java:677)
	at org.testng.internal.invokers.TestInvoker.invokeTestMethod(TestInvoker.java:221)
	at org.testng.internal.invokers.MethodRunner.runInSequence(MethodRunner.java:50)
	at org.testng.internal.invokers.TestInvoker$MethodInvocationAgent.invoke(TestInvoker.java:969)
	at org.testng.internal.invokers.TestInvoker.invokeTestMethods(TestInvoker.java:194)
	at org.testng.internal.invokers.TestMethodWorker.invokeTestMethods(TestMethodWorker.java:148)
	at org.testng.internal.invokers.TestMethodWorker.run(TestMethodWorker.java:128)
	at java.base/java.util.ArrayList.forEach(ArrayList.java:1511)
	at org.testng.TestRunner.privateRun(TestRunner.java:829)
	at org.testng.TestRunner.run(TestRunner.java:602)
	at org.testng.SuiteRunner.runTest(SuiteRunner.java:437)
	at org.testng.SuiteRunner.runSequentially(SuiteRunner.java:431)
	at org.testng.SuiteRunner.privateRun(SuiteRunner.java:391)
	at org.testng.SuiteRunner.run(SuiteRunner.java:330)
	at org.testng.SuiteRunnerWorker.runSuite(SuiteRunnerWorker.java:52)
	at org.testng.SuiteRunnerWorker.run(SuiteRunnerWorker.java:95)
	at org.testng.TestNG.runSuitesSequentially(TestNG.java:1256)
	at org.testng.TestNG.runSuitesLocally(TestNG.java:1176)
	at org.testng.TestNG.runSuites(TestNG.java:1099)
	at org.testng.TestNG.run(TestNG.java:1067)
	at org.apache.maven.surefire.testng.TestNGExecutor.run(TestNGExecutor.java:308)
	at org.apache.maven.surefire.testng.TestNGXmlTestSuite.execute(TestNGXmlTestSuite.java:71)
	at org.apache.maven.surefire.testng.TestNGProvider.invoke(TestNGProvider.java:113)
	at org.apache.maven.surefire.booter.ForkedBooter.runSuitesInProcess(ForkedBooter.java:385)
	at org.apache.maven.surefire.booter.ForkedBooter.execute(ForkedBooter.java:162)
	at org.apache.maven.surefire.booter.ForkedBooter.run(ForkedBooter.java:507)
	at org.apache.maven.surefire.booter.ForkedBooter.main(ForkedBooter.java:495)
]]></failure>
    <system-out><![CDATA[2025-03-27 14:00:58 INFO  TC003_LoginDDT:23 - ***start testcase***
]]></system-out>
  </testcase>
</testsuite>